<?xml version="1.0" encoding="UTF-8"?>
<!-- Generated by org.testng.reporters.JUnitReportReporter -->
<testsuite skipped="0" hostname="LAPTOP-JECORPIE" name="com.Booking.TestCase.Tc_product" tests="5" failures="0" timestamp="07 Jul 2022 16:10:22 GMT" time="72.906" errors="0">
  <testcase name="TC_001" time="6.666" classname="com.Booking.TestCase.Tc_product"/>
  <testcase name="TC_002" time="25.825" classname="com.Booking.TestCase.Tc_product"/>
  <testcase name="TC_003" time="17.690" classname="com.Booking.TestCase.Tc_product"/>
  <testcase name="TC_004" time="9.774" classname="com.Booking.TestCase.Tc_product"/>
  <testcase name="TC_005" time="12.951" classname="com.Booking.TestCase.Tc_product"/>
</testsuite> <!-- com.Booking.TestCase.Tc_product -->
