<?xml version="1.0" encoding="UTF-8"?>
<!-- Generated by org.testng.reporters.JUnitReportReporter -->
<testsuite skipped="2" hostname="LAPTOP-JECORPIE" name="com.qa.tests.Tc_Report" tests="8" failures="0" timestamp="27 Aug 2020 06:43:03 GMT" time="132.445" errors="1">
  <testcase name="Tc_login" time="17.580" classname="com.qa.tests.Tc_Report"/>
  <testcase name="afterSuite" time="2.352" classname="com.qa.tests.Tc_Report">
    <error type="java.lang.NullPointerException">
      <![CDATA[java.lang.NullPointerException
at com.qa.BaseTest.afterSuite(BaseTest.java:194)
at sun.reflect.NativeMethodAccessorImpl.invoke0(Native Method)
at sun.reflect.NativeMethodAccessorImpl.invoke(NativeMethodAccessorImpl.java:62)
at sun.reflect.DelegatingMethodAccessorImpl.invoke(DelegatingMethodAccessorImpl.java:43)
at java.lang.reflect.Method.invoke(Method.java:497)
at org.testng.internal.MethodInvocationHelper.invokeMethod(MethodInvocationHelper.java:124)
at org.testng.internal.MethodInvocationHelper.invokeMethodConsideringTimeout(MethodInvocationHelper.java:59)
at org.testng.internal.Invoker.invokeConfigurationMethod(Invoker.java:458)
at org.testng.internal.Invoker.invokeConfigurations(Invoker.java:222)
at org.testng.internal.Invoker.invokeConfigurations(Invoker.java:142)
at org.testng.SuiteRunner.privateRun(SuiteRunner.java:425)
at org.testng.SuiteRunner.run(SuiteRunner.java:364)
at org.testng.SuiteRunnerWorker.runSuite(SuiteRunnerWorker.java:52)
at org.testng.SuiteRunnerWorker.run(SuiteRunnerWorker.java:84)
at org.testng.TestNG.runSuitesSequentially(TestNG.java:1208)
at org.testng.TestNG.runSuitesLocally(TestNG.java:1137)
at org.testng.TestNG.runSuites(TestNG.java:1049)
at org.testng.TestNG.run(TestNG.java:1017)
at org.testng.remote.AbstractRemoteTestNG.run(AbstractRemoteTestNG.java:115)
at org.testng.remote.RemoteTestNG.initAndRun(RemoteTestNG.java:251)
at org.testng.remote.RemoteTestNG.main(RemoteTestNG.java:77)
]]>
    </error>
  </testcase> <!-- afterSuite -->
  <testcase name="TC_Sendreport_select_incident" time="29.803" classname="com.qa.tests.Tc_Report"/>
  <testcase name="TC_Sendreport_select_incident_And_confidential" time="29.534" classname="com.qa.tests.Tc_Report"/>
  <testcase name="TC_Sendreport_unselectDate" time="24.215" classname="com.qa.tests.Tc_Report"/>
  <testcase name="TC_Sendreport_BlankText" time="28.961" classname="com.qa.tests.Tc_Report"/>
  <testcase name="TC_Sendreport_select_Accident" classname="com.qa.tests.Tc_Report">
    <skipped/>
  </testcase> <!-- TC_Sendreport_select_Accident -->
  <testcase name="TC_Sendreport_select_Accident_And_confidential" classname="com.qa.tests.Tc_Report">
    <skipped/>
  </testcase> <!-- TC_Sendreport_select_Accident_And_confidential -->
</testsuite> <!-- com.qa.tests.Tc_Report -->
