<?xml version="1.0" encoding="UTF-8"?>
<!-- Generated by org.testng.reporters.JUnitReportReporter -->
<testsuite skipped="1" hostname="Laptop-Harshal" name="com.qa.tests.Tc_Report_02" tests="23" failures="0" timestamp="2022-05-09T12:08:05 IST" time="165.270" errors="0">
  <testcase name="Verify_login" time="10.516" classname="com.qa.tests.Tc_Report_02"/>
  <system-out/>
  <testcase name="verify_NoteToOffice_Text" time="14.765" classname="com.qa.tests.Tc_Report_02"/>
  <system-out/>
  <testcase name="Verify_Incidents_Text" time="0.624" classname="com.qa.tests.Tc_Report_02"/>
  <system-out/>
  <testcase name="verify_Accidents_Text" time="0.618" classname="com.qa.tests.Tc_Report_02"/>
  <system-out/>
  <testcase name="verify_Suggestion_Text" time="0.626" classname="com.qa.tests.Tc_Report_02"/>
  <system-out/>
  <testcase name="verify_What_went_wrong_Text" time="0.622" classname="com.qa.tests.Tc_Report_02"/>
  <system-out/>
  <testcase name="verify_Upload_image_Text" time="0.550" classname="com.qa.tests.Tc_Report_02"/>
  <system-out/>
  <testcase name="verify_size" time="0.560" classname="com.qa.tests.Tc_Report_02"/>
  <system-out/>
  <testcase name="verify_checkout_text" time="0.685" classname="com.qa.tests.Tc_Report_02"/>
  <system-out/>
  <testcase name="Verify_View_submit_Button_Display" time="0.613" classname="com.qa.tests.Tc_Report_02"/>
  <system-out/>
  <testcase name="Verify_View_checkout_Button_Display" time="0.692" classname="com.qa.tests.Tc_Report_02"/>
  <system-out/>
  <testcase name="Verify_View_imgCalendar_Button_Display" time="0.524" classname="com.qa.tests.Tc_Report_02"/>
  <system-out/>
  <testcase name="Verify_View_imgUserProfile_Button_Display" time="0.547" classname="com.qa.tests.Tc_Report_02"/>
  <system-out/>
  <testcase name="Verify_View_menu_Button_Display" time="0.465" classname="com.qa.tests.Tc_Report_02"/>
  <system-out/>
  <testcase name="Verify_Sendreport_select_incident" time="13.758" classname="com.qa.tests.Tc_Report_02"/>
  <system-out/>
  <testcase name="Verify_Sendreport_select_incident_And_confidential" time="16.718" classname="com.qa.tests.Tc_Report_02"/>
  <system-out/>
  <testcase name="Verify_Sendreport_BlankText" time="17.143" classname="com.qa.tests.Tc_Report_02"/>
  <system-out/>
  <testcase name="Verify_Sendreport_select_Accident_And_confidential" time="14.824" classname="com.qa.tests.Tc_Report_02"/>
  <system-out/>
  <testcase name="Verify_Sendreport_Accidents_BlankText" time="16.511" classname="com.qa.tests.Tc_Report_02"/>
  <system-out/>
  <testcase name="Verify_Sendreport_select_Accident" time="12.608" classname="com.qa.tests.Tc_Report_02"/>
  <system-out/>
  <testcase name="Verify_Sendreport_select_suggetion" time="15.859" classname="com.qa.tests.Tc_Report_02"/>
  <system-out/>
  <testcase name="Verify_Sendreport_select_Suggetions_And_confidential" time="25.442" classname="com.qa.tests.Tc_Report_02"/>
  <system-out/>
  <testcase name="Verify_Sendreport_unselectDate" classname="com.qa.tests.Tc_Report_02">
    <skipped/>
  </testcase> <!-- Verify_Sendreport_unselectDate -->
  <system-out/>
</testsuite> <!-- com.qa.tests.Tc_Report_02 -->
