<?xml version="1.0" encoding="UTF-8"?>
<!-- Generated by org.testng.reporters.JUnitReportReporter -->
<testsuite skipped="0" hostname="LAPTOP-JECORPIE" name="com.Booking.TestCase.Tc_drag_drop" tests="5" failures="0" timestamp="10 Jul 2022 13:32:54 GMT" time="37.199" errors="0">
  <testcase name="TC_000" time="1.249" classname="com.Booking.TestCase.Tc_drag_drop"/>
  <testcase name="TC_001" time="6.615" classname="com.Booking.TestCase.Tc_drag_drop"/>
  <testcase name="TC_002" time="7.825" classname="com.Booking.TestCase.Tc_drag_drop"/>
  <testcase name="TC_003" time="15.219" classname="com.Booking.TestCase.Tc_drag_drop"/>
  <testcase name="TC_004" time="6.291" classname="com.Booking.TestCase.Tc_drag_drop"/>
</testsuite> <!-- com.Booking.TestCase.Tc_drag_drop -->
