<?xml version="1.0" encoding="UTF-8"?>
<!-- Generated by org.testng.reporters.JUnitReportReporter -->
<testsuite skipped="1" hostname="Laptop-Harshal" name="com.qa.tests.Tc_LoginTests_01" tests="19" failures="0" timestamp="2022-05-09T12:08:05 IST" time="87.984" errors="0">
  <testcase name="verify_OPAPP_Text" time="2.065" classname="com.qa.tests.Tc_LoginTests_01"/>
  <system-out/>
  <testcase name="verify_Lösenord_Text" time="0.720" classname="com.qa.tests.Tc_LoginTests_01"/>
  <system-out/>
  <testcase name="verify_Loggain_Text" time="0.680" classname="com.qa.tests.Tc_LoginTests_01"/>
  <system-out/>
  <testcase name="verify_Glömtpassword_Text" time="0.652" classname="com.qa.tests.Tc_LoginTests_01"/>
  <system-out/>
  <testcase name="verify_Alla_rättigheter_förbehållna_Text" time="0.748" classname="com.qa.tests.Tc_LoginTests_01"/>
  <system-out/>
  <testcase name="Verify_OpApp_logo_Display" time="1.931" classname="com.qa.tests.Tc_LoginTests_01"/>
  <system-out/>
  <testcase name="Verify_text_input_password_display" time="0.509" classname="com.qa.tests.Tc_LoginTests_01"/>
  <system-out/>
  <testcase name="Verify_Loggain_button_display" time="0.544" classname="com.qa.tests.Tc_LoginTests_01"/>
  <system-out/>
  <testcase name="Verify_InvalidUserName" time="7.717" classname="com.qa.tests.Tc_LoginTests_01"/>
  <system-out/>
  <testcase name="Verify_InvalidPassword" time="7.506" classname="com.qa.tests.Tc_LoginTests_01"/>
  <system-out/>
  <testcase name="Verify_BlankPassword" time="7.929" classname="com.qa.tests.Tc_LoginTests_01"/>
  <system-out/>
  <testcase name="Verify_BlankUsename" time="7.028" classname="com.qa.tests.Tc_LoginTests_01"/>
  <system-out/>
  <testcase name="Verify_UsenameAddDot" time="6.640" classname="com.qa.tests.Tc_LoginTests_01"/>
  <system-out/>
  <testcase name="Verify_PasswordAddDot" time="7.375" classname="com.qa.tests.Tc_LoginTests_01"/>
  <system-out/>
  <testcase name="Verify_CaptialUsernameAndPassword" time="7.074" classname="com.qa.tests.Tc_LoginTests_01"/>
  <system-out/>
  <testcase name="Verify_Successful_Login_and_logout" time="17.792" classname="com.qa.tests.Tc_LoginTests_01"/>
  <system-out/>
  <testcase name="Verify_ForgotPassword_BlankUsername_" time="4.253" classname="com.qa.tests.Tc_LoginTests_01"/>
  <system-out/>
  <testcase name="Verify_ForgotPassword_enterUsername" time="6.821" classname="com.qa.tests.Tc_LoginTests_01"/>
  <system-out/>
  <testcase name="verify_Användarnamn_Text" classname="com.qa.tests.Tc_LoginTests_01">
    <skipped/>
  </testcase> <!-- verify_Användarnamn_Text -->
  <system-out/>
</testsuite> <!-- com.qa.tests.Tc_LoginTests_01 -->
