<?xml version="1.0" encoding="UTF-8"?>
<!-- Generated by org.testng.reporters.JUnitReportReporter -->
<testsuite skipped="2" hostname="Laptop-Harshal" name="com.qa.tests.Tc_analytics_07" tests="29" failures="0" timestamp="2022-05-09T12:08:06 IST" time="38.082" errors="0">
  <testcase name="Verify_CheckOut_text" time="9.092" classname="com.qa.tests.Tc_analytics_07"/>
  <system-out/>
  <testcase name="Verify_Menu_button" time="0.447" classname="com.qa.tests.Tc_analytics_07"/>
  <system-out/>
  <testcase name="Verify_analytic_text" time="0.499" classname="com.qa.tests.Tc_analytics_07"/>
  <system-out/>
  <testcase name="Verify_Production_text" time="0.575" classname="com.qa.tests.Tc_analytics_07"/>
  <system-out/>
  <testcase name="Verify_ProductionHr_text" time="0.499" classname="com.qa.tests.Tc_analytics_07"/>
  <system-out/>
  <testcase name="Verify_Running_text" time="0.458" classname="com.qa.tests.Tc_analytics_07"/>
  <system-out/>
  <testcase name="Verify_Waiting_text" time="0.437" classname="com.qa.tests.Tc_analytics_07"/>
  <system-out/>
  <testcase name="Verify_Stop_text" time="0.536" classname="com.qa.tests.Tc_analytics_07"/>
  <system-out/>
  <testcase name="Verify_Nodata_text" time="0.481" classname="com.qa.tests.Tc_analytics_07"/>
  <system-out/>
  <testcase name="Verify_Setup_text" time="0.493" classname="com.qa.tests.Tc_analytics_07"/>
  <system-out/>
  <testcase name="Verify_SetupHr_text" time="0.487" classname="com.qa.tests.Tc_analytics_07"/>
  <system-out/>
  <testcase name="Verify_Noproduction_text" time="0.623" classname="com.qa.tests.Tc_analytics_07"/>
  <system-out/>
  <testcase name="Verify_NoproductionHr_text" time="0.443" classname="com.qa.tests.Tc_analytics_07"/>
  <system-out/>
  <testcase name="Verify_Off_text" time="0.496" classname="com.qa.tests.Tc_analytics_07"/>
  <system-out/>
  <testcase name="Verify_Calendar_button" time="0.423" classname="com.qa.tests.Tc_analytics_07"/>
  <system-out/>
  <testcase name="Verify_Apply" time="3.562" classname="com.qa.tests.Tc_analytics_07"/>
  <system-out/>
  <testcase name="Verify_Show_analytics_for_text" time="0.688" classname="com.qa.tests.Tc_analytics_07"/>
  <system-out/>
  <testcase name="Verify_Day_text" time="0.803" classname="com.qa.tests.Tc_analytics_07"/>
  <system-out/>
  <testcase name="Verify_Day_radio_button" time="0.742" classname="com.qa.tests.Tc_analytics_07"/>
  <system-out/>
  <testcase name="Verify_Month_text" time="0.757" classname="com.qa.tests.Tc_analytics_07"/>
  <system-out/>
  <testcase name="Verify_Month_radio_button" time="1.107" classname="com.qa.tests.Tc_analytics_07"/>
  <system-out/>
  <testcase name="Verify_Year_text" time="0.763" classname="com.qa.tests.Tc_analytics_07"/>
  <system-out/>
  <testcase name="Verify_Year_radio_button" time="0.775" classname="com.qa.tests.Tc_analytics_07"/>
  <system-out/>
  <testcase name="Verify_Week_text" time="0.880" classname="com.qa.tests.Tc_analytics_07"/>
  <system-out/>
  <testcase name="Verify_Week_radio_button" time="0.770" classname="com.qa.tests.Tc_analytics_07"/>
  <system-out/>
  <testcase name="Verify_Week_next_Year" time="4.317" classname="com.qa.tests.Tc_analytics_07"/>
  <system-out/>
  <testcase name="Verify_year_next_year" time="6.929" classname="com.qa.tests.Tc_analytics_07"/>
  <system-out/>
  <testcase name="Verify_ViewNoData" classname="com.qa.tests.Tc_analytics_07">
    <skipped/>
  </testcase> <!-- Verify_ViewNoData -->
  <system-out/>
  <testcase name="Tc_login" classname="com.qa.tests.Tc_analytics_07">
    <skipped/>
  </testcase> <!-- Tc_login -->
  <system-out/>
</testsuite> <!-- com.qa.tests.Tc_analytics_07 -->
