<?xml version="1.0" encoding="UTF-8"?>
<!-- Generated by org.testng.reporters.JUnitReportReporter -->
<testsuite skipped="1" hostname="Laptop-Harshal" name="com.qa.tests.Tc_page_04" tests="2" failures="0" timestamp="2022-05-09T12:08:06 IST" time="20.319" errors="0">
  <testcase name="Verify_pages" time="20.319" classname="com.qa.tests.Tc_page_04"/>
  <system-out/>
  <testcase name="Tc_login" classname="com.qa.tests.Tc_page_04">
    <skipped/>
  </testcase> <!-- Tc_login -->
  <system-out/>
</testsuite> <!-- com.qa.tests.Tc_page_04 -->
