<?xml version="1.0" encoding="UTF-8"?>
<!-- Generated by org.testng.reporters.JUnitReportReporter -->
<testsuite skipped="0" hostname="LAPTOP-JECORPIE" name="com.Booking.TestCase.TestCase_carRental" tests="6" failures="0" timestamp="02 Jul 2022 09:43:53 GMT" time="25.302" errors="0">
  <testcase name="Verify_Car_Rental" time="3.313" classname="com.Booking.TestCase.TestCase_carRental"/>
  <testcase name="verify_car_rental_without_data" time="2.101" classname="com.Booking.TestCase.TestCase_carRental"/>
  <testcase name="verify_car_rental_without_data_and_toggle" time="2.776" classname="com.Booking.TestCase.TestCase_carRental"/>
  <testcase name="verify_Terms_of_sevice" time="6.184" classname="com.Booking.TestCase.TestCase_carRental"/>
  <testcase name="verify_Privacy_Notice" time="2.670" classname="com.Booking.TestCase.TestCase_carRental"/>
  <testcase name="verify_Contact_Us" time="8.258" classname="com.Booking.TestCase.TestCase_carRental"/>
</testsuite> <!-- com.Booking.TestCase.TestCase_carRental -->
