<?xml version="1.0" encoding="UTF-8"?>
<!-- Generated by org.testng.reporters.JUnitReportReporter -->
<testsuite skipped="5" hostname="Laptop-Harshal" name="com.qa.tests.Tc_TaskAndMaintenance" tests="13" failures="0" timestamp="2022-05-09T12:08:06 IST" time="162.244" errors="0">
  <testcase name="Verify_TaskAndMaintenance_never" time="14.973" classname="com.qa.tests.Tc_TaskAndMaintenance"/>
  <system-out/>
  <testcase name="Verify_TaskAndMaintenance_EveryDay" time="13.407" classname="com.qa.tests.Tc_TaskAndMaintenance"/>
  <system-out/>
  <testcase name="Verify_TaskAndMaintenance_EveryWeek" time="15.201" classname="com.qa.tests.Tc_TaskAndMaintenance"/>
  <system-out/>
  <testcase name="Verify_TaskAndMaintenance_Everymonth_OnDay" time="15.078" classname="com.qa.tests.Tc_TaskAndMaintenance"/>
  <system-out/>
  <testcase name="Verify_TaskAndMaintenance_Everymonth_OnThe" time="18.317" classname="com.qa.tests.Tc_TaskAndMaintenance"/>
  <system-out/>
  <testcase name="Verify_TaskAndMaintenance_EveryYear_On" time="43.278" classname="com.qa.tests.Tc_TaskAndMaintenance"/>
  <system-out/>
  <testcase name="Verify_TaskAndMaintenance_EveryYear_OnThe" time="30.156" classname="com.qa.tests.Tc_TaskAndMaintenance"/>
  <system-out/>
  <testcase name="Verify_TaskAndMaintenance_Delete_yes" time="11.834" classname="com.qa.tests.Tc_TaskAndMaintenance"/>
  <system-out/>
  <testcase name="Verify_TaskAndMaintenance_Delete_No" classname="com.qa.tests.Tc_TaskAndMaintenance">
    <skipped/>
  </testcase> <!-- Verify_TaskAndMaintenance_Delete_No -->
  <system-out/>
  <testcase name="Verify_TaskAndMaintenance_Edit_no" classname="com.qa.tests.Tc_TaskAndMaintenance">
    <skipped/>
  </testcase> <!-- Verify_TaskAndMaintenance_Edit_no -->
  <system-out/>
  <testcase name="Verify_TaskAndMaintenance_NoValidDate" classname="com.qa.tests.Tc_TaskAndMaintenance">
    <skipped/>
  </testcase> <!-- Verify_TaskAndMaintenance_NoValidDate -->
  <system-out/>
  <testcase name="Verify_TaskAndMaintenance_cancel" classname="com.qa.tests.Tc_TaskAndMaintenance">
    <skipped/>
  </testcase> <!-- Verify_TaskAndMaintenance_cancel -->
  <system-out/>
  <testcase name="Verify_TaskAndMaintenance_Edit_yes" classname="com.qa.tests.Tc_TaskAndMaintenance">
    <skipped/>
  </testcase> <!-- Verify_TaskAndMaintenance_Edit_yes -->
  <system-out/>
</testsuite> <!-- com.qa.tests.Tc_TaskAndMaintenance -->
