<?xml version="1.0" encoding="UTF-8"?>
<!-- Generated by org.testng.reporters.JUnitReportReporter -->
<testsuite skipped="2" hostname="Laptop-Harshal" name="com.qa.tests.TC_overview_newUpdated" tests="39" failures="0" timestamp="29 Mar 2022 09:37:16 GMT" time="208.071" errors="0">
  <testcase name="Verify_MachineStatus_Text" time="1.473" classname="com.qa.tests.TC_overview_newUpdated"/>
  <testcase name="Verify_AddNewParts_Text" time="1.063" classname="com.qa.tests.TC_overview_newUpdated"/>
  <testcase name="Verify_production" time="11.800" classname="com.qa.tests.TC_overview_newUpdated"/>
  <testcase name="Verify_RestartMachine_with_YesButton" time="4.182" classname="com.qa.tests.TC_overview_newUpdated"/>
  <testcase name="Verify_RestartMachine_with_NoButton" time="2.987" classname="com.qa.tests.TC_overview_newUpdated"/>
  <testcase name="Tc_setupStartON" time="3.182" classname="com.qa.tests.TC_overview_newUpdated"/>
  <testcase name="Verify_Setup" time="3.383" classname="com.qa.tests.TC_overview_newUpdated"/>
  <testcase name="Verify_NoProduction" time="3.770" classname="com.qa.tests.TC_overview_newUpdated"/>
  <testcase name="Verify_invalidtimer" time="7.416" classname="com.qa.tests.TC_overview_newUpdated"/>
  <testcase name="Verify_validTimer" time="4.986" classname="com.qa.tests.TC_overview_newUpdated"/>
  <testcase name="Verify_Remove_Timer" time="2.703" classname="com.qa.tests.TC_overview_newUpdated"/>
  <testcase name="Verify_SearchForPart_Text" time="4.173" classname="com.qa.tests.TC_overview_newUpdated"/>
  <testcase name="Verify_AddNewPart_Text" time="1.064" classname="com.qa.tests.TC_overview_newUpdated"/>
  <testcase name="Verify_EnterNewPartName_Text" time="0.794" classname="com.qa.tests.TC_overview_newUpdated"/>
  <testcase name="Verify_EnterPartOperation_Text" time="0.519" classname="com.qa.tests.TC_overview_newUpdated"/>
  <testcase name="Verify_Enternumber_Text" time="1.821" classname="com.qa.tests.TC_overview_newUpdated"/>
  <testcase name="Verify_Zero_Text" time="0.539" classname="com.qa.tests.TC_overview_newUpdated"/>
  <testcase name="Verify_PartOperation_Text" time="0.569" classname="com.qa.tests.TC_overview_newUpdated"/>
  <testcase name="Verify_PartNumber_Text" time="0.529" classname="com.qa.tests.TC_overview_newUpdated"/>
  <testcase name="Verify_CycleTime_Text" time="0.563" classname="com.qa.tests.TC_overview_newUpdated"/>
  <testcase name="Verify_sec_Text" time="0.543" classname="com.qa.tests.TC_overview_newUpdated"/>
  <testcase name="Verify_Add_Text" time="0.555" classname="com.qa.tests.TC_overview_newUpdated"/>
  <testcase name="Verify_cancel_Text" time="0.579" classname="com.qa.tests.TC_overview_newUpdated"/>
  <testcase name="Verify_invalidNewPartName" time="8.309" classname="com.qa.tests.TC_overview_newUpdated"/>
  <testcase name="Verify_invalidPartOperation" time="10.887" classname="com.qa.tests.TC_overview_newUpdated"/>
  <testcase name="Verify_invalidPartNumber" time="10.667" classname="com.qa.tests.TC_overview_newUpdated"/>
  <testcase name="Verify_invalidCycleTime" time="11.540" classname="com.qa.tests.TC_overview_newUpdated"/>
  <testcase name="Verify_AllValidData_SelectCancel" time="10.091" classname="com.qa.tests.TC_overview_newUpdated"/>
  <testcase name="Verify_AllValidData_No" time="17.599" classname="com.qa.tests.TC_overview_newUpdated"/>
  <testcase name="Verify_AllValidData_selectAdd" time="17.683" classname="com.qa.tests.TC_overview_newUpdated"/>
  <testcase name="Verify_AllValidData_Add_in_secondBlock" time="20.345" classname="com.qa.tests.TC_overview_newUpdated"/>
  <testcase name="Verify_Delete_order_Second" time="6.368" classname="com.qa.tests.TC_overview_newUpdated"/>
  <testcase name="Verify_order_Finish" time="9.772" classname="com.qa.tests.TC_overview_newUpdated"/>
  <testcase name="Tc_BatteryLevel" time="12.983" classname="com.qa.tests.TC_overview_newUpdated"/>
  <testcase name="Tc_check_view_startOff" time="8.759" classname="com.qa.tests.TC_overview_newUpdated"/>
  <testcase name="Tc_Battery_Level_viewonly" time="0.713" classname="com.qa.tests.TC_overview_newUpdated"/>
  <testcase name="Tc_check_view_startON" time="3.162" classname="com.qa.tests.TC_overview_newUpdated"/>
  <testcase name="Tc_login" classname="com.qa.tests.TC_overview_newUpdated">
    <skipped/>
  </testcase> <!-- Tc_login -->
  <testcase name="Verify_FinishP_First" classname="com.qa.tests.TC_overview_newUpdated">
    <skipped/>
  </testcase> <!-- Verify_FinishP_First -->
</testsuite> <!-- com.qa.tests.TC_overview_newUpdated -->
