<?xml version="1.0" encoding="UTF-8"?>
<!-- Generated by org.testng.reporters.JUnitReportReporter -->
<testsuite skipped="1" hostname="Laptop-Harshal" name="com.qa.tests.Tc_NoteLog" tests="39" failures="0" timestamp="2022-05-09T12:08:06 IST" time="156.798" errors="0">
  <testcase name="Verify_NewNote_Display" time="7.741" classname="com.qa.tests.Tc_NoteLog"/>
  <system-out/>
  <testcase name="Verify_Menu_button" time="0.332" classname="com.qa.tests.Tc_NoteLog"/>
  <system-out/>
  <testcase name="Verify_txtCheckOut_button" time="0.383" classname="com.qa.tests.Tc_NoteLog"/>
  <system-out/>
  <testcase name="Verify_imgNote_button" time="0.380" classname="com.qa.tests.Tc_NoteLog"/>
  <system-out/>
  <testcase name="Verify_NewNote_Text" time="0.373" classname="com.qa.tests.Tc_NoteLog"/>
  <system-out/>
  <testcase name="Verify_machineName_Text" time="1.844" classname="com.qa.tests.Tc_NoteLog"/>
  <system-out/>
  <testcase name="Verify_machineId_Display" time="0.391" classname="com.qa.tests.Tc_NoteLog"/>
  <system-out/>
  <testcase name="Verify_severitye_Text" time="0.390" classname="com.qa.tests.Tc_NoteLog"/>
  <system-out/>
  <testcase name="Verify_minor_Text" time="0.392" classname="com.qa.tests.Tc_NoteLog"/>
  <system-out/>
  <testcase name="Verify_major_Text" time="0.428" classname="com.qa.tests.Tc_NoteLog"/>
  <system-out/>
  <testcase name="Verify_Severe_Text" time="0.347" classname="com.qa.tests.Tc_NoteLog"/>
  <system-out/>
  <testcase name="Verify_Minor_Display" time="0.413" classname="com.qa.tests.Tc_NoteLog"/>
  <system-out/>
  <testcase name="Verify_Major_Display" time="0.452" classname="com.qa.tests.Tc_NoteLog"/>
  <system-out/>
  <testcase name="Verify_Severe_Display" time="0.359" classname="com.qa.tests.Tc_NoteLog"/>
  <system-out/>
  <testcase name="Verify_Tags_Text" time="0.419" classname="com.qa.tests.Tc_NoteLog"/>
  <system-out/>
  <testcase name="Verify_Add_tags_if_any_Text" time="0.388" classname="com.qa.tests.Tc_NoteLog"/>
  <system-out/>
  <testcase name="Verify_Note_Text" time="0.355" classname="com.qa.tests.Tc_NoteLog"/>
  <system-out/>
  <testcase name="Verify_Enter_your_Note_here_Text" time="0.401" classname="com.qa.tests.Tc_NoteLog"/>
  <system-out/>
  <testcase name="Verify_next_Text" time="0.366" classname="com.qa.tests.Tc_NoteLog"/>
  <system-out/>
  <testcase name="Verify_Next_Display" time="0.629" classname="com.qa.tests.Tc_NoteLog"/>
  <system-out/>
  <testcase name="Verify_Enter_cancel_Text" time="0.403" classname="com.qa.tests.Tc_NoteLog"/>
  <system-out/>
  <testcase name="Verify_cancel_Display" time="0.439" classname="com.qa.tests.Tc_NoteLog"/>
  <system-out/>
  <testcase name="Verify_minor_withValidDeatils" time="22.800" classname="com.qa.tests.Tc_NoteLog"/>
  <system-out/>
  <testcase name="Verify_major_withValidDeatils" time="24.808" classname="com.qa.tests.Tc_NoteLog"/>
  <system-out/>
  <testcase name="Verify_severe_withValidDeatils" time="22.585" classname="com.qa.tests.Tc_NoteLog"/>
  <system-out/>
  <testcase name="Verify_minor_with_InValidDeatils" time="6.350" classname="com.qa.tests.Tc_NoteLog"/>
  <system-out/>
  <testcase name="Verify_major_with_InValidDeatils" time="4.789" classname="com.qa.tests.Tc_NoteLog"/>
  <system-out/>
  <testcase name="Verify_severe_with_InValidDeatils" time="6.982" classname="com.qa.tests.Tc_NoteLog"/>
  <system-out/>
  <testcase name="Verify_NoteLog_text_and_page" time="1.769" classname="com.qa.tests.Tc_NoteLog"/>
  <system-out/>
  <testcase name="Verify_NoteLog_Pagetext" time="8.448" classname="com.qa.tests.Tc_NoteLog"/>
  <system-out/>
  <testcase name="Verify_selectOperator" time="0.735" classname="com.qa.tests.Tc_NoteLog"/>
  <system-out/>
  <testcase name="Verify_NotelogOperator_text" time="5.520" classname="com.qa.tests.Tc_NoteLog"/>
  <system-out/>
  <testcase name="Verify_Search_text" time="0.505" classname="com.qa.tests.Tc_NoteLog"/>
  <system-out/>
  <testcase name="Verify_Search_display" time="0.426" classname="com.qa.tests.Tc_NoteLog"/>
  <system-out/>
  <testcase name="Verify_Delete_noteLog" time="7.522" classname="com.qa.tests.Tc_NoteLog"/>
  <system-out/>
  <testcase name="Verify_Search_withValidData" time="3.932" classname="com.qa.tests.Tc_NoteLog"/>
  <system-out/>
  <testcase name="Verify_Search_withInValidData" time="11.724" classname="com.qa.tests.Tc_NoteLog"/>
  <system-out/>
  <testcase name="Verify_NewNote_withValidData" time="10.278" classname="com.qa.tests.Tc_NoteLog"/>
  <system-out/>
  <testcase name="Tc_login" classname="com.qa.tests.Tc_NoteLog">
    <skipped/>
  </testcase> <!-- Tc_login -->
  <system-out/>
</testsuite> <!-- com.qa.tests.Tc_NoteLog -->
