<?xml version="1.0" encoding="UTF-8"?>
<!-- Generated by org.testng.reporters.JUnitReportReporter -->
<testsuite skipped="1" hostname="Laptop-Harshal" name="com.qa.tests.Tc_settingspage_03" tests="6" failures="0" timestamp="2022-05-09T12:08:06 IST" time="44.639" errors="0">
  <testcase name="Verify_settings" time="16.560" classname="com.qa.tests.Tc_settingspage_03"/>
  <system-out/>
  <testcase name="Verify_text_sound_and_Language_and_AssignedMachines" time="0.906" classname="com.qa.tests.Tc_settingspage_03"/>
  <system-out/>
  <testcase name="Verify_settings_Rename" time="2.734" classname="com.qa.tests.Tc_settingspage_03"/>
  <system-out/>
  <testcase name="Verify_settings_All" time="11.226" classname="com.qa.tests.Tc_settingspage_03"/>
  <system-out/>
  <testcase name="Verify_settings_ViewOnly" time="13.213" classname="com.qa.tests.Tc_settingspage_03"/>
  <system-out/>
  <testcase name="Tc_login" classname="com.qa.tests.Tc_settingspage_03">
    <skipped/>
  </testcase> <!-- Tc_login -->
  <system-out/>
</testsuite> <!-- com.qa.tests.Tc_settingspage_03 -->
