<?xml version="1.0" encoding="UTF-8"?>
<!-- Generated by org.testng.reporters.JUnitReportReporter -->
<testsuite skipped="0" hostname="LAPTOP-JECORPIE" name="com.Booking.TestCase.TestCase" tests="2" failures="0" timestamp="30 Jun 2022 16:28:15 GMT" time="50.205" errors="0">
  <testcase name="Verify_one_way_without_Data" time="47.153" classname="com.Booking.TestCase.TestCase"/>
  <testcase name="Verify_Flight_Name" time="3.052" classname="com.Booking.TestCase.TestCase"/>
</testsuite> <!-- com.Booking.TestCase.TestCase -->
