<?xml version="1.0" encoding="UTF-8"?>
<!-- Generated by org.testng.reporters.JUnitReportReporter -->
<testsuite skipped="0" hostname="Laptop-Harshal" name="com.qa.tests.helpPage" tests="14" failures="0" timestamp="2022-05-09T12:08:05 IST" time="33.477" errors="0">
  <testcase name="Verify_help_details" time="16.889" classname="com.qa.tests.helpPage"/>
  <system-out/>
  <testcase name="Verify_Report_A_problem_Text" time="3.104" classname="com.qa.tests.helpPage"/>
  <system-out/>
  <testcase name="Verify_What_went_wrong_Text" time="0.431" classname="com.qa.tests.helpPage"/>
  <system-out/>
  <testcase name="Verify_Uploadfile_Text" time="0.437" classname="com.qa.tests.helpPage"/>
  <system-out/>
  <testcase name="Verify_Uploadfile_Button" time="0.444" classname="com.qa.tests.helpPage"/>
  <system-out/>
  <testcase name="Verify_size_Text" time="0.438" classname="com.qa.tests.helpPage"/>
  <system-out/>
  <testcase name="verify_Submit_Text" time="0.422" classname="com.qa.tests.helpPage"/>
  <system-out/>
  <testcase name="verify_Menu_button" time="0.379" classname="com.qa.tests.helpPage"/>
  <system-out/>
  <testcase name="verify_help_button" time="0.410" classname="com.qa.tests.helpPage"/>
  <system-out/>
  <testcase name="verify_CheckOut_button" time="0.347" classname="com.qa.tests.helpPage"/>
  <system-out/>
  <testcase name="Verify_help_emptyText_send" time="2.590" classname="com.qa.tests.helpPage"/>
  <system-out/>
  <testcase name="verify_btnHelp_display" time="0.412" classname="com.qa.tests.helpPage"/>
  <system-out/>
  <testcase name="verify_btnHelp_text" time="0.406" classname="com.qa.tests.helpPage"/>
  <system-out/>
  <testcase name="verify_OpApp_Instruction_text" time="6.768" classname="com.qa.tests.helpPage"/>
  <system-out/>
</testsuite> <!-- com.qa.tests.helpPage -->
