<?xml version="1.0" encoding="UTF-8"?>
<!-- Generated by org.testng.reporters.JUnitReportReporter -->
<testsuite skipped="0" hostname="Laptop-Harshal" name="com.qa.tests.TC_overview_05" tests="17" failures="0" timestamp="15 Oct 2021 05:39:33 GMT" time="95.102" errors="0">
  <testcase name="Verify_TimerSetText" time="30.623" classname="com.qa.tests.TC_overview_05"/>
  <testcase name="Verify_TimerSetOff" time="4.832" classname="com.qa.tests.TC_overview_05"/>
  <testcase name="Verify_TimerSetOn" time="8.452" classname="com.qa.tests.TC_overview_05"/>
  <testcase name="Verify_TimerRemove_Yes" time="2.822" classname="com.qa.tests.TC_overview_05"/>
  <testcase name="Verify_setup" time="3.158" classname="com.qa.tests.TC_overview_05"/>
  <testcase name="Verify_NoProduction" time="2.745" classname="com.qa.tests.TC_overview_05"/>
  <testcase name="Verify_Production" time="2.677" classname="com.qa.tests.TC_overview_05"/>
  <testcase name="Verify_Restart_SetApp_text" time="1.446" classname="com.qa.tests.TC_overview_05"/>
  <testcase name="Verify_Restart_SetApp_yes" time="3.389" classname="com.qa.tests.TC_overview_05"/>
  <testcase name="Verify_Restart_SetApp_No" time="3.674" classname="com.qa.tests.TC_overview_05"/>
  <testcase name="Verify_setupStartON" time="2.592" classname="com.qa.tests.TC_overview_05"/>
  <testcase name="Verify_sound" time="0.569" classname="com.qa.tests.TC_overview_05"/>
  <testcase name="Verify_MachineStatus_text" time="1.249" classname="com.qa.tests.TC_overview_05"/>
  <testcase name="Verify_OperationStatus_text" time="1.189" classname="com.qa.tests.TC_overview_05"/>
  <testcase name="Verify_BatteryLevel" time="11.180" classname="com.qa.tests.TC_overview_05"/>
  <testcase name="Verify_Battery_Level_viewonly" time="12.604" classname="com.qa.tests.TC_overview_05"/>
  <testcase name="Verify_check_view_startON" time="1.901" classname="com.qa.tests.TC_overview_05"/>
</testsuite> <!-- com.qa.tests.TC_overview_05 -->
