<?xml version="1.0" encoding="UTF-8"?>
<!-- Generated by org.testng.reporters.JUnitReportReporter -->
<testsuite skipped="0" hostname="Laptop-Harshal" name="com.qa.tests.Tc_check_In_06" tests="8" failures="0" timestamp="2022-05-16T13:54:38 IST" time="13.241" errors="0">
  <testcase name="verify_Check_in_Text" time="2.719" classname="com.qa.tests.Tc_check_In_06"/>
  <system-out/>
  <testcase name="Verify_Check_in_Button_Display" time="0.832" classname="com.qa.tests.Tc_check_In_06"/>
  <system-out/>
  <testcase name="verify_View_Only_Text" time="1.038" classname="com.qa.tests.Tc_check_In_06"/>
  <system-out/>
  <testcase name="Verify_View_only_Button_Display" time="1.046" classname="com.qa.tests.Tc_check_In_06"/>
  <system-out/>
  <testcase name="Verify_Menu_Button_Display" time="1.218" classname="com.qa.tests.Tc_check_In_06"/>
  <system-out/>
  <testcase name="Verify_UserProfile_Display" time="1.094" classname="com.qa.tests.Tc_check_In_06"/>
  <system-out/>
  <testcase name="Test_case_check_In" time="0.583" classname="com.qa.tests.Tc_check_In_06"/>
  <system-out/>
  <testcase name="Test_case_view_Only" time="4.711" classname="com.qa.tests.Tc_check_In_06"/>
  <system-out/>
</testsuite> <!-- com.qa.tests.Tc_check_In_06 -->
