<?xml version="1.0" encoding="UTF-8"?>
<!-- Generated by org.testng.reporters.JUnitReportReporter -->
<testsuite skipped="0" hostname="LAPTOP-JECORPIE" name="com.Booking.TestCase.TestCase_Login" tests="10" failures="0" timestamp="05 Jul 2022 18:05:13 GMT" time="65.813" errors="0">
  <testcase name="TC_001" time="8.247" classname="com.Booking.TestCase.TestCase_Login"/>
  <testcase name="TC_002" time="5.913" classname="com.Booking.TestCase.TestCase_Login"/>
  <testcase name="TC_003" time="5.152" classname="com.Booking.TestCase.TestCase_Login"/>
  <testcase name="TC_004" time="4.624" classname="com.Booking.TestCase.TestCase_Login"/>
  <testcase name="TC_005" time="5.016" classname="com.Booking.TestCase.TestCase_Login"/>
  <testcase name="TC_006" time="5.609" classname="com.Booking.TestCase.TestCase_Login"/>
  <testcase name="TC_007" time="7.547" classname="com.Booking.TestCase.TestCase_Login"/>
  <testcase name="TC_008" time="6.693" classname="com.Booking.TestCase.TestCase_Login"/>
  <testcase name="TC_009" time="9.230" classname="com.Booking.TestCase.TestCase_Login"/>
  <testcase name="TC_010" time="7.782" classname="com.Booking.TestCase.TestCase_Login"/>
</testsuite> <!-- com.Booking.TestCase.TestCase_Login -->
