<?xml version="1.0" encoding="UTF-8"?>
<!-- Generated by org.testng.reporters.JUnitReportReporter -->
<testsuite skipped="0" hostname="Laptop-Harshal" name="com.qa.tests.pract" tests="1" failures="0" timestamp="22 Oct 2021 09:04:44 GMT" time="17.607" errors="0">
  <testcase name="Verify_AllValidData_No" time="17.607" classname="com.qa.tests.pract"/>
</testsuite> <!-- com.qa.tests.pract -->
