<?xml version="1.0" encoding="UTF-8"?>
<!-- Generated by org.testng.reporters.JUnitReportReporter -->
<testsuite skipped="0" hostname="LAPTOP-JECORPIE" name="com.Booking.TestCase.TestCase_stays" tests="3" failures="0" timestamp="01 Jul 2022 16:57:15 GMT" time="15.677" errors="0">
  <testcase name="Verify_Satys_withoutData" time="2.611" classname="com.Booking.TestCase.TestCase_stays"/>
  <testcase name="Verify_covid19_travels" time="4.960" classname="com.Booking.TestCase.TestCase_stays"/>
  <testcase name="Verify_covid19_travels_and_seach_withoutData" time="8.106" classname="com.Booking.TestCase.TestCase_stays"/>
</testsuite> <!-- com.Booking.TestCase.TestCase_stays -->
